0 info it worked if it ends with ok
1 verbose cli [ '/Users/siddharthsudheer/.nvm/versions/node/v7.7.4/bin/node',
1 verbose cli   '/Users/siddharthsudheer/.nvm/versions/node/v7.7.4/bin/npm',
1 verbose cli   'run',
1 verbose cli   'start.android' ]
2 info using npm@4.1.2
3 info using node@v7.7.4
4 verbose run-script [ 'prestart.android', 'start.android', 'poststart.android' ]
5 info lifecycle @~prestart.android: @
6 silly lifecycle @~prestart.android: no script for prestart.android, continuing
7 info lifecycle @~start.android: @
8 verbose lifecycle @~start.android: unsafe-perm in lifecycle true
9 verbose lifecycle @~start.android: PATH: /Users/siddharthsudheer/.nvm/versions/node/v7.7.4/lib/node_modules/npm/bin/node-gyp-bin:/Users/siddharthsudheer/repos/computer-science/cs345/project-2-trail-app/trail-app/node_modules/.bin:/Users/siddharthsudheer/.nvm/versions/node/v7.7.4/bin:/usr/local/bin:/usr/bin:/bin:/usr/sbin:/sbin
10 verbose lifecycle @~start.android: CWD: /Users/siddharthsudheer/repos/computer-science/cs345/project-2-trail-app/trail-app
11 silly lifecycle @~start.android: Args: [ '-c',
11 silly lifecycle   'asset-generator ./app/assets/Android/*.png --android ./app/App_Resources/Android/ && tns run android --emulator' ]
12 info lifecycle @~start.android: Failed to exec start.android script
13 verbose stack Error: @ start.android: `asset-generator ./app/assets/Android/*.png --android ./app/App_Resources/Android/ && tns run android --emulator`
13 verbose stack spawn ENOENT
13 verbose stack     at ChildProcess.<anonymous> (/Users/siddharthsudheer/.nvm/versions/node/v7.7.4/lib/node_modules/npm/lib/utils/spawn.js:33:16)
13 verbose stack     at emitTwo (events.js:106:13)
13 verbose stack     at ChildProcess.emit (events.js:194:7)
13 verbose stack     at maybeClose (internal/child_process.js:899:16)
13 verbose stack     at Process.ChildProcess._handle.onexit (internal/child_process.js:226:5)
14 verbose pkgid @
15 verbose cwd /Users/siddharthsudheer/repos/computer-science/cs345/project-2-trail-app/trail-app
16 error Darwin 16.4.0
17 error argv "/Users/siddharthsudheer/.nvm/versions/node/v7.7.4/bin/node" "/Users/siddharthsudheer/.nvm/versions/node/v7.7.4/bin/npm" "run" "start.android"
18 error node v7.7.4
19 error npm  v4.1.2
20 error file sh
21 error code ELIFECYCLE
22 error errno ENOENT
23 error syscall spawn
24 error @ start.android: `asset-generator ./app/assets/Android/*.png --android ./app/App_Resources/Android/ && tns run android --emulator`
24 error spawn ENOENT
25 error Failed at the @ start.android script 'asset-generator ./app/assets/Android/*.png --android ./app/App_Resources/Android/ && tns run android --emulator'.
25 error Make sure you have the latest version of node.js and npm installed.
25 error If you do, this is most likely a problem with the  package,
25 error not with npm itself.
25 error Tell the author that this fails on your system:
25 error     asset-generator ./app/assets/Android/*.png --android ./app/App_Resources/Android/ && tns run android --emulator
25 error You can get information on how to open an issue for this project with:
25 error     npm bugs
25 error Or if that isn't available, you can get their info via:
25 error     npm owner ls
25 error There is likely additional logging output above.
26 verbose exit [ 1, true ]
